2024-12-01 09:37:59,127 - INFO - Pipeline execution started.
2024-12-01 09:37:59,127 - INFO - Phase 1: Data Preprocessing Started.
2024-12-01 09:38:01,044 - INFO - Phase 1 Completed Successfully.
2024-12-01 09:38:01,044 - INFO - Phase 2: Synthetic Data Generation Process Started.
2024-12-01 09:38:01,044 - INFO - Phase 2.1: Metadata Definition started.
2024-12-01 09:38:01,044 - ERROR - Pipeline execution failed: 'metadata_path'
2024-12-01 09:39:02,376 - INFO - Pipeline execution started.
2024-12-01 09:39:02,376 - INFO - Phase 1: Data Preprocessing Started.
2024-12-01 09:39:04,290 - INFO - Phase 1 Completed Successfully.
2024-12-01 09:39:04,290 - INFO - Phase 2: Synthetic Data Generation Process Started.
2024-12-01 09:39:04,290 - INFO - Phase 2.1: Metadata Definition started.
2024-12-01 09:39:04,290 - ERROR - Pipeline execution failed: define_metadata() got an unexpected keyword argument 'metadata_filename'
2024-12-01 09:40:20,705 - INFO - Pipeline execution started.
2024-12-01 09:40:20,705 - INFO - Phase 1: Data Preprocessing Started.
2024-12-01 09:40:22,614 - INFO - Phase 1 Completed Successfully.
2024-12-01 09:40:22,615 - INFO - Phase 2: Synthetic Data Generation Process Started.
2024-12-01 09:40:22,615 - INFO - Phase 2.1: Metadata Definition started.
2024-12-01 09:40:22,812 - INFO - Detected metadata:
{
    "columns": {
        "date": {
            "sdtype": "datetime",
            "datetime_format": "%m/%d/%Y %H:%M"
        },
        "Usage_kWh": {
            "sdtype": "numerical"
        },
        "Lagging_Current_Reactive.Power_kVarh": {
            "sdtype": "numerical"
        },
        "Leading_Current_Reactive_Power_kVarh": {
            "sdtype": "numerical"
        },
        "CO2(tCO2)": {
            "sdtype": "numerical"
        },
        "Lagging_Current_Power_Factor": {
            "sdtype": "numerical"
        },
        "Leading_Current_Power_Factor": {
            "sdtype": "numerical"
        },
        "WeekStatus": {
            "sdtype": "categorical"
        },
        "Load_Type": {
            "sdtype": "categorical"
        },
        "SID": {
            "sdtype": "numerical"
        }
    }
}
2024-12-01 09:40:22,812 - ERROR - Pipeline execution failed: A file named 'metadata.json' already exists in this folder. Please specify a different filename.
2024-12-01 09:43:31,084 - INFO - Pipeline execution started.
2024-12-01 09:43:31,084 - INFO - Phase 1: Data Preprocessing Started.
2024-12-01 09:43:32,994 - INFO - Phase 1 Completed Successfully.
2024-12-01 09:43:32,994 - INFO - Phase 2: Synthetic Data Generation Process Started.
2024-12-01 09:43:32,994 - INFO - Phase 2.1: Metadata Definition started.
2024-12-01 09:43:33,187 - INFO - Detected metadata:
{
    "columns": {
        "date": {
            "sdtype": "datetime",
            "datetime_format": "%m/%d/%Y %H:%M"
        },
        "Usage_kWh": {
            "sdtype": "numerical"
        },
        "Lagging_Current_Reactive.Power_kVarh": {
            "sdtype": "numerical"
        },
        "Leading_Current_Reactive_Power_kVarh": {
            "sdtype": "numerical"
        },
        "CO2(tCO2)": {
            "sdtype": "numerical"
        },
        "Lagging_Current_Power_Factor": {
            "sdtype": "numerical"
        },
        "Leading_Current_Power_Factor": {
            "sdtype": "numerical"
        },
        "WeekStatus": {
            "sdtype": "categorical"
        },
        "Load_Type": {
            "sdtype": "categorical"
        },
        "SID": {
            "sdtype": "numerical"
        }
    }
}
2024-12-01 09:43:33,187 - ERROR - Pipeline execution failed: name 'os' is not defined
2024-12-01 09:44:03,041 - INFO - Pipeline execution started.
2024-12-01 09:44:03,041 - INFO - Phase 1: Data Preprocessing Started.
2024-12-01 09:44:04,978 - INFO - Phase 1 Completed Successfully.
2024-12-01 09:44:04,978 - INFO - Phase 2: Synthetic Data Generation Process Started.
2024-12-01 09:44:04,978 - INFO - Phase 2.1: Metadata Definition started.
2024-12-01 09:44:05,177 - INFO - Detected metadata:
{
    "columns": {
        "date": {
            "sdtype": "datetime",
            "datetime_format": "%m/%d/%Y %H:%M"
        },
        "Usage_kWh": {
            "sdtype": "numerical"
        },
        "Lagging_Current_Reactive.Power_kVarh": {
            "sdtype": "numerical"
        },
        "Leading_Current_Reactive_Power_kVarh": {
            "sdtype": "numerical"
        },
        "CO2(tCO2)": {
            "sdtype": "numerical"
        },
        "Lagging_Current_Power_Factor": {
            "sdtype": "numerical"
        },
        "Leading_Current_Power_Factor": {
            "sdtype": "numerical"
        },
        "WeekStatus": {
            "sdtype": "categorical"
        },
        "Load_Type": {
            "sdtype": "categorical"
        },
        "SID": {
            "sdtype": "numerical"
        }
    }
}
2024-12-01 09:44:05,177 - INFO - 
Metadata Save:
  Timestamp: 2024-12-01 09:44:05.177706
  Statistics about the metadata:
    Total number of tables: 1
    Total number of columns: 10
    Total number of relationships: 0
2024-12-01 09:44:05,179 - INFO - Phase 2.2: Metadata Definition Completed Successfully.
2024-12-01 09:44:05,179 - INFO - Starting pipeline run with 500 epochs.
2024-12-01 09:44:05,185 - INFO - {'EVENT': 'Instance', 'TIMESTAMP': datetime.datetime(2024, 12, 1, 9, 44, 5, 185507), 'SYNTHESIZER CLASS NAME': 'PARSynthesizer', 'SYNTHESIZER ID': 'PARSynthesizer_1.17.2_1a4f440855f440219c629abe45075010'}
2024-12-01 09:44:05,188 - INFO - {'EVENT': 'Instance', 'TIMESTAMP': datetime.datetime(2024, 12, 1, 9, 44, 5, 188641), 'SYNTHESIZER CLASS NAME': 'GaussianCopulaSynthesizer', 'SYNTHESIZER ID': 'GaussianCopulaSynthesizer_1.17.2_addf2e492b914c8087c51ae99494370c'}
2024-12-01 09:44:05,295 - INFO - {'EVENT': 'Fit', 'TIMESTAMP': datetime.datetime(2024, 12, 1, 9, 44, 5, 295656), 'SYNTHESIZER CLASS NAME': 'PARSynthesizer', 'SYNTHESIZER ID': 'PARSynthesizer_1.17.2_1a4f440855f440219c629abe45075010', 'TOTAL NUMBER OF TABLES': 1, 'TOTAL NUMBER OF ROWS': 139872, 'TOTAL NUMBER OF COLUMNS': 10}
2024-12-01 09:44:05,792 - INFO - Fitting table  metadata
2024-12-01 09:44:05,796 - INFO - Fitting formatters for table 
2024-12-01 09:44:05,798 - INFO - No rounding scheme detected for column 'Usage_kWh'. Data will not be rounded.
2024-12-01 09:44:05,801 - INFO - No rounding scheme detected for column 'Lagging_Current_Reactive.Power_kVarh'. Data will not be rounded.
2024-12-01 09:44:05,803 - INFO - No rounding scheme detected for column 'Leading_Current_Reactive_Power_kVarh'. Data will not be rounded.
2024-12-01 09:44:05,805 - INFO - No rounding scheme detected for column 'CO2(tCO2)'. Data will not be rounded.
2024-12-01 09:44:05,807 - INFO - No rounding scheme detected for column 'Lagging_Current_Power_Factor'. Data will not be rounded.
2024-12-01 09:44:05,810 - INFO - No rounding scheme detected for column 'Leading_Current_Power_Factor'. Data will not be rounded.
2024-12-01 09:44:05,810 - INFO - Fitting constraints for table 
2024-12-01 09:44:05,810 - INFO - Setting the configuration for the ``HyperTransformer`` for table 
2024-12-01 09:44:06,304 - INFO - Fitting table  metadata
2024-12-01 09:44:06,308 - INFO - Fitting formatters for table 
2024-12-01 09:44:06,310 - INFO - No rounding scheme detected for column 'Usage_kWh'. Data will not be rounded.
2024-12-01 09:44:06,312 - INFO - No rounding scheme detected for column 'Lagging_Current_Reactive.Power_kVarh'. Data will not be rounded.
2024-12-01 09:44:06,315 - INFO - No rounding scheme detected for column 'Leading_Current_Reactive_Power_kVarh'. Data will not be rounded.
2024-12-01 09:44:06,317 - INFO - No rounding scheme detected for column 'CO2(tCO2)'. Data will not be rounded.
2024-12-01 09:44:06,319 - INFO - No rounding scheme detected for column 'Lagging_Current_Power_Factor'. Data will not be rounded.
2024-12-01 09:44:06,321 - INFO - No rounding scheme detected for column 'Leading_Current_Power_Factor'. Data will not be rounded.
2024-12-01 09:44:06,321 - INFO - Fitting constraints for table 
2024-12-01 09:44:06,321 - INFO - Fitting HyperTransformer for table 
2024-12-01 09:44:06,891 - INFO - {'EVENT': 'Fit processed data', 'TIMESTAMP': datetime.datetime(2024, 12, 1, 9, 44, 6, 891969), 'SYNTHESIZER CLASS NAME': 'PARSynthesizer', 'SYNTHESIZER ID': 'PARSynthesizer_1.17.2_1a4f440855f440219c629abe45075010', 'TOTAL NUMBER OF TABLES': 1, 'TOTAL NUMBER OF ROWS': 139872, 'TOTAL NUMBER OF COLUMNS': 11}
2024-12-01 09:44:06,896 - INFO - {'EVENT': 'Instance', 'TIMESTAMP': datetime.datetime(2024, 12, 1, 9, 44, 6, 896301), 'SYNTHESIZER CLASS NAME': 'GaussianCopulaSynthesizer', 'SYNTHESIZER ID': 'GaussianCopulaSynthesizer_1.17.2_3d219c627004437091db45d92e2d50b2'}
2024-12-01 09:44:06,898 - INFO - {'EVENT': 'Fit', 'TIMESTAMP': datetime.datetime(2024, 12, 1, 9, 44, 6, 898877), 'SYNTHESIZER CLASS NAME': 'GaussianCopulaSynthesizer', 'SYNTHESIZER ID': 'GaussianCopulaSynthesizer_1.17.2_3d219c627004437091db45d92e2d50b2', 'TOTAL NUMBER OF TABLES': 1, 'TOTAL NUMBER OF ROWS': 1457, 'TOTAL NUMBER OF COLUMNS': 2}
2024-12-01 09:44:06,900 - INFO - Fitting table  metadata
2024-12-01 09:44:06,900 - INFO - Fitting formatters for table 
2024-12-01 09:44:06,901 - INFO - Fitting constraints for table 
2024-12-01 09:44:06,901 - INFO - Setting the configuration for the ``HyperTransformer`` for table 
2024-12-01 09:44:06,902 - INFO - Fitting HyperTransformer for table 
2024-12-01 09:44:06,911 - INFO - {'EVENT': 'Fit processed data', 'TIMESTAMP': datetime.datetime(2024, 12, 1, 9, 44, 6, 911436), 'SYNTHESIZER CLASS NAME': 'GaussianCopulaSynthesizer', 'SYNTHESIZER ID': 'GaussianCopulaSynthesizer_1.17.2_3d219c627004437091db45d92e2d50b2', 'TOTAL NUMBER OF TABLES': 1, 'TOTAL NUMBER OF ROWS': 1457, 'TOTAL NUMBER OF COLUMNS': 1}
2024-12-01 09:44:06,911 - INFO - Fitting GaussianMultivariate(distribution="{'date.context': <class 'copulas.univariate.beta.BetaUnivariate'>}")
2024-12-01 09:44:06,981 - INFO - PARModel(epochs=500, sample_size=1,cuda='cpu', verbose=True) instance created
2024-12-01 10:27:16,278 - INFO - Pipeline execution started.
2024-12-01 10:30:03,212 - INFO - Pipeline execution started.
2024-12-01 10:30:03,212 - INFO - Phase 1: Data Preprocessing Started.
2024-12-01 10:30:05,120 - INFO - Phase 1 Completed Successfully.
2024-12-01 10:30:05,120 - INFO - Phase 2: Synthetic Data Generation Process Started.
2024-12-01 10:30:05,120 - INFO - Phase 2.1: Metadata Definition started.
2024-12-01 10:30:05,293 - INFO - Detected metadata:
{
    "columns": {
        "date": {
            "sdtype": "unknown",
            "pii": true
        },
        "Usage_kWh": {
            "sdtype": "numerical"
        },
        "Lagging_Current_Reactive.Power_kVarh": {
            "sdtype": "numerical"
        },
        "Leading_Current_Reactive_Power_kVarh": {
            "sdtype": "numerical"
        },
        "CO2(tCO2)": {
            "sdtype": "numerical"
        },
        "Lagging_Current_Power_Factor": {
            "sdtype": "numerical"
        },
        "Leading_Current_Power_Factor": {
            "sdtype": "numerical"
        },
        "WeekStatus": {
            "sdtype": "categorical"
        },
        "Load_Type": {
            "sdtype": "categorical"
        },
        "SID": {
            "sdtype": "numerical"
        }
    }
}
2024-12-01 10:30:05,293 - ERROR - Pipeline execution failed: A file named 'metadata.json' already exists in this folder. Please specify a different filename.
2024-12-01 10:30:24,111 - INFO - Pipeline execution started.
2024-12-01 10:30:24,111 - INFO - Phase 1: Data Preprocessing Started.
2024-12-01 10:30:26,025 - INFO - Phase 1 Completed Successfully.
2024-12-01 10:30:26,025 - INFO - Phase 2: Synthetic Data Generation Process Started.
2024-12-01 10:30:26,025 - INFO - Phase 2.1: Metadata Definition started.
2024-12-01 10:30:26,221 - INFO - Detected metadata:
{
    "columns": {
        "date": {
            "sdtype": "datetime",
            "datetime_format": "%m/%d/%Y %H:%M"
        },
        "Usage_kWh": {
            "sdtype": "numerical"
        },
        "Lagging_Current_Reactive.Power_kVarh": {
            "sdtype": "numerical"
        },
        "Leading_Current_Reactive_Power_kVarh": {
            "sdtype": "numerical"
        },
        "CO2(tCO2)": {
            "sdtype": "numerical"
        },
        "Lagging_Current_Power_Factor": {
            "sdtype": "numerical"
        },
        "Leading_Current_Power_Factor": {
            "sdtype": "numerical"
        },
        "WeekStatus": {
            "sdtype": "categorical"
        },
        "Load_Type": {
            "sdtype": "categorical"
        },
        "SID": {
            "sdtype": "numerical"
        }
    }
}
2024-12-01 10:30:26,221 - INFO - 
Metadata Save:
  Timestamp: 2024-12-01 10:30:26.221895
  Statistics about the metadata:
    Total number of tables: 1
    Total number of columns: 10
    Total number of relationships: 0
2024-12-01 10:30:26,223 - INFO - Phase 2.1: Metadata Definition Completed Successfully.
2024-12-01 10:30:26,223 - INFO - Starting pipeline run with 500 epochs.
2024-12-01 10:30:26,223 - INFO - Phase 2.2: Synthesizer Initializing with 500 epochs Started.
2024-12-01 10:30:26,229 - INFO - {'EVENT': 'Instance', 'TIMESTAMP': datetime.datetime(2024, 12, 1, 10, 30, 26, 229820), 'SYNTHESIZER CLASS NAME': 'PARSynthesizer', 'SYNTHESIZER ID': 'PARSynthesizer_1.17.2_5d05c496bd4d4beab9f84cc416553ed7'}
2024-12-01 10:30:26,233 - INFO - {'EVENT': 'Instance', 'TIMESTAMP': datetime.datetime(2024, 12, 1, 10, 30, 26, 233010), 'SYNTHESIZER CLASS NAME': 'GaussianCopulaSynthesizer', 'SYNTHESIZER ID': 'GaussianCopulaSynthesizer_1.17.2_4c8ee6f5c0db4618a066095dcc578790'}
2024-12-01 10:30:26,233 - INFO - Phase 2.2: Synthesizer Initializing with 500 epochs Successfully Completed.
2024-12-01 10:30:26,233 - INFO - Phase 2.3: Synthesizer Training with 500 epochs Started.
2024-12-01 10:30:26,233 - ERROR - Pipeline execution failed: train_synthesizer() got an unexpected keyword argument 'synthesizer'
2024-12-01 10:33:04,016 - INFO - Pipeline execution started.
2024-12-01 10:33:04,016 - INFO - Phase 1: Data Preprocessing Started.
2024-12-01 10:33:05,922 - INFO - Phase 1 Completed Successfully.
2024-12-01 10:33:05,922 - INFO - Phase 2: Synthetic Data Generation Process Started.
2024-12-01 10:33:05,922 - INFO - Phase 2.1: Metadata Definition started.
2024-12-01 10:33:06,101 - INFO - Detected metadata:
{
    "columns": {
        "date": {
            "sdtype": "unknown",
            "pii": true
        },
        "Usage_kWh": {
            "sdtype": "numerical"
        },
        "Lagging_Current_Reactive.Power_kVarh": {
            "sdtype": "numerical"
        },
        "Leading_Current_Reactive_Power_kVarh": {
            "sdtype": "numerical"
        },
        "CO2(tCO2)": {
            "sdtype": "numerical"
        },
        "Lagging_Current_Power_Factor": {
            "sdtype": "numerical"
        },
        "Leading_Current_Power_Factor": {
            "sdtype": "numerical"
        },
        "WeekStatus": {
            "sdtype": "categorical"
        },
        "Load_Type": {
            "sdtype": "categorical"
        },
        "SID": {
            "sdtype": "numerical"
        }
    }
}
2024-12-01 10:33:06,102 - INFO - 
Metadata Save:
  Timestamp: 2024-12-01 10:33:06.102202
  Statistics about the metadata:
    Total number of tables: 1
    Total number of columns: 10
    Total number of relationships: 0
2024-12-01 10:33:06,103 - INFO - Phase 2.1: Metadata Definition Completed Successfully.
2024-12-01 10:33:06,103 - INFO - Starting pipeline run with 500 epochs.
2024-12-01 10:33:06,103 - INFO - Phase 2.2: Synthesizer Initializing with 500 epochs Started.
2024-12-01 10:33:06,110 - INFO - {'EVENT': 'Instance', 'TIMESTAMP': datetime.datetime(2024, 12, 1, 10, 33, 6, 110033), 'SYNTHESIZER CLASS NAME': 'PARSynthesizer', 'SYNTHESIZER ID': 'PARSynthesizer_1.17.2_185b85ae7e2340f59f6a697a11723e0b'}
2024-12-01 10:33:06,113 - INFO - {'EVENT': 'Instance', 'TIMESTAMP': datetime.datetime(2024, 12, 1, 10, 33, 6, 113227), 'SYNTHESIZER CLASS NAME': 'GaussianCopulaSynthesizer', 'SYNTHESIZER ID': 'GaussianCopulaSynthesizer_1.17.2_aa43d1f1e10b4641b74fb1acd4cd9cfe'}
2024-12-01 10:33:06,113 - ERROR - Pipeline execution failed: name 'synthesizer' is not defined
2024-12-01 10:33:50,568 - INFO - Pipeline execution started.
2024-12-01 10:33:50,568 - INFO - Phase 1: Data Preprocessing Started.
2024-12-01 10:33:52,504 - INFO - Phase 1 Completed Successfully.
2024-12-01 10:33:52,505 - INFO - Phase 2: Synthetic Data Generation Process Started.
2024-12-01 10:33:52,505 - INFO - Phase 2.1: Metadata Definition started.
2024-12-01 10:33:52,705 - INFO - Detected metadata:
{
    "columns": {
        "date": {
            "sdtype": "datetime",
            "datetime_format": "%m/%d/%Y %H:%M"
        },
        "Usage_kWh": {
            "sdtype": "numerical"
        },
        "Lagging_Current_Reactive.Power_kVarh": {
            "sdtype": "numerical"
        },
        "Leading_Current_Reactive_Power_kVarh": {
            "sdtype": "numerical"
        },
        "CO2(tCO2)": {
            "sdtype": "numerical"
        },
        "Lagging_Current_Power_Factor": {
            "sdtype": "numerical"
        },
        "Leading_Current_Power_Factor": {
            "sdtype": "numerical"
        },
        "WeekStatus": {
            "sdtype": "categorical"
        },
        "Load_Type": {
            "sdtype": "categorical"
        },
        "SID": {
            "sdtype": "numerical"
        }
    }
}
2024-12-01 10:33:52,706 - INFO - 
Metadata Save:
  Timestamp: 2024-12-01 10:33:52.706062
  Statistics about the metadata:
    Total number of tables: 1
    Total number of columns: 10
    Total number of relationships: 0
2024-12-01 10:33:52,707 - INFO - Phase 2.1: Metadata Definition Completed Successfully.
2024-12-01 10:33:52,707 - INFO - Starting pipeline run with 500 epochs.
2024-12-01 10:33:52,707 - INFO - Phase 2.2: Synthesizer Initializing with 500 epochs Started.
2024-12-01 10:33:52,713 - INFO - {'EVENT': 'Instance', 'TIMESTAMP': datetime.datetime(2024, 12, 1, 10, 33, 52, 713826), 'SYNTHESIZER CLASS NAME': 'PARSynthesizer', 'SYNTHESIZER ID': 'PARSynthesizer_1.17.2_9478c655d16746cea86f708e3f9e0074'}
2024-12-01 10:33:52,716 - INFO - {'EVENT': 'Instance', 'TIMESTAMP': datetime.datetime(2024, 12, 1, 10, 33, 52, 716918), 'SYNTHESIZER CLASS NAME': 'GaussianCopulaSynthesizer', 'SYNTHESIZER ID': 'GaussianCopulaSynthesizer_1.17.2_43838e3634af48b78433c3d76af26d5f'}
2024-12-01 10:33:52,717 - INFO - Phase 2.2: Synthesizer Initializing with 500 epochs Successfully Completed.
2024-12-01 10:33:52,717 - INFO - Phase 2.3: Synthesizer Training with 500 epochs Started.
2024-12-01 10:33:52,717 - ERROR - Pipeline execution failed: train_synthesizer() got an unexpected keyword argument 'synthesizer'
2024-12-01 10:36:48,440 - INFO - Pipeline execution started.
2024-12-01 10:36:48,440 - INFO - Phase 1: Data Preprocessing Started.
2024-12-01 10:36:50,344 - INFO - Phase 1 Completed Successfully.
2024-12-01 10:36:50,344 - INFO - Phase 2: Synthetic Data Generation Process Started.
2024-12-01 10:36:50,344 - INFO - Phase 2.1: Metadata Definition started.
2024-12-01 10:36:50,532 - INFO - Detected metadata:
{
    "columns": {
        "date": {
            "sdtype": "datetime",
            "datetime_format": "%m/%d/%Y %H:%M"
        },
        "Usage_kWh": {
            "sdtype": "numerical"
        },
        "Lagging_Current_Reactive.Power_kVarh": {
            "sdtype": "numerical"
        },
        "Leading_Current_Reactive_Power_kVarh": {
            "sdtype": "numerical"
        },
        "CO2(tCO2)": {
            "sdtype": "numerical"
        },
        "Lagging_Current_Power_Factor": {
            "sdtype": "numerical"
        },
        "Leading_Current_Power_Factor": {
            "sdtype": "numerical"
        },
        "WeekStatus": {
            "sdtype": "categorical"
        },
        "Load_Type": {
            "sdtype": "categorical"
        },
        "SID": {
            "sdtype": "numerical"
        }
    }
}
2024-12-01 10:36:50,532 - INFO - 
Metadata Save:
  Timestamp: 2024-12-01 10:36:50.532428
  Statistics about the metadata:
    Total number of tables: 1
    Total number of columns: 10
    Total number of relationships: 0
2024-12-01 10:36:50,533 - INFO - Phase 2.1: Metadata Definition Completed Successfully.
2024-12-01 10:36:50,533 - INFO - Starting pipeline run with 500 epochs.
2024-12-01 10:36:50,534 - INFO - Phase 2.2: Synthesizer Initializing with 500 epochs Started.
2024-12-01 10:36:50,540 - INFO - {'EVENT': 'Instance', 'TIMESTAMP': datetime.datetime(2024, 12, 1, 10, 36, 50, 540212), 'SYNTHESIZER CLASS NAME': 'PARSynthesizer', 'SYNTHESIZER ID': 'PARSynthesizer_1.17.2_c7b773a670154b27afcf302aa1306808'}
2024-12-01 10:36:50,543 - INFO - {'EVENT': 'Instance', 'TIMESTAMP': datetime.datetime(2024, 12, 1, 10, 36, 50, 543377), 'SYNTHESIZER CLASS NAME': 'GaussianCopulaSynthesizer', 'SYNTHESIZER ID': 'GaussianCopulaSynthesizer_1.17.2_dd55ca4185bb440a921d9404e7b476b5'}
2024-12-01 10:36:50,543 - INFO - Phase 2.2: Synthesizer Initializing with 500 epochs Successfully Completed.
2024-12-01 10:36:50,543 - INFO - Phase 2.3: Synthesizer Training with 500 epochs Started.
2024-12-01 10:36:50,543 - ERROR - Pipeline execution failed: train_synthesizer() got an unexpected keyword argument 'synthesizer'
2024-12-01 10:38:01,974 - INFO - Pipeline execution started.
2024-12-01 10:38:01,974 - INFO - Phase 1: Data Preprocessing Started.
2024-12-01 10:38:03,943 - INFO - Phase 1 Completed Successfully.
2024-12-01 10:38:03,943 - INFO - Phase 2: Synthetic Data Generation Process Started.
2024-12-01 10:38:03,943 - INFO - Phase 2.1: Metadata Definition started.
2024-12-01 10:38:04,142 - INFO - Detected metadata:
{
    "columns": {
        "date": {
            "sdtype": "datetime",
            "datetime_format": "%m/%d/%Y %H:%M"
        },
        "Usage_kWh": {
            "sdtype": "numerical"
        },
        "Lagging_Current_Reactive.Power_kVarh": {
            "sdtype": "numerical"
        },
        "Leading_Current_Reactive_Power_kVarh": {
            "sdtype": "numerical"
        },
        "CO2(tCO2)": {
            "sdtype": "numerical"
        },
        "Lagging_Current_Power_Factor": {
            "sdtype": "numerical"
        },
        "Leading_Current_Power_Factor": {
            "sdtype": "numerical"
        },
        "WeekStatus": {
            "sdtype": "categorical"
        },
        "Load_Type": {
            "sdtype": "categorical"
        },
        "SID": {
            "sdtype": "numerical"
        }
    }
}
2024-12-01 10:38:04,143 - INFO - 
Metadata Save:
  Timestamp: 2024-12-01 10:38:04.143085
  Statistics about the metadata:
    Total number of tables: 1
    Total number of columns: 10
    Total number of relationships: 0
2024-12-01 10:38:04,144 - INFO - Phase 2.1: Metadata Definition Completed Successfully.
2024-12-01 10:38:04,144 - INFO - Starting pipeline run with 500 epochs.
2024-12-01 10:38:04,144 - INFO - Phase 2.2: Synthesizer Initializing with 500 epochs Started.
2024-12-01 10:38:04,151 - INFO - {'EVENT': 'Instance', 'TIMESTAMP': datetime.datetime(2024, 12, 1, 10, 38, 4, 151034), 'SYNTHESIZER CLASS NAME': 'PARSynthesizer', 'SYNTHESIZER ID': 'PARSynthesizer_1.17.2_a41920dc96eb4c86905ef460b8863e54'}
2024-12-01 10:38:04,154 - INFO - {'EVENT': 'Instance', 'TIMESTAMP': datetime.datetime(2024, 12, 1, 10, 38, 4, 154190), 'SYNTHESIZER CLASS NAME': 'GaussianCopulaSynthesizer', 'SYNTHESIZER ID': 'GaussianCopulaSynthesizer_1.17.2_dfca122b0a1147f2825e95148dd56743'}
2024-12-01 10:38:04,154 - INFO - Phase 2.2: Synthesizer Initializing with 500 epochs Successfully Completed.
2024-12-01 10:38:04,154 - INFO - Phase 2.3: Synthesizer Training with 500 epochs Started.
2024-12-01 10:38:04,263 - INFO - {'EVENT': 'Fit', 'TIMESTAMP': datetime.datetime(2024, 12, 1, 10, 38, 4, 263316), 'SYNTHESIZER CLASS NAME': 'PARSynthesizer', 'SYNTHESIZER ID': 'PARSynthesizer_1.17.2_a41920dc96eb4c86905ef460b8863e54', 'TOTAL NUMBER OF TABLES': 1, 'TOTAL NUMBER OF ROWS': 139872, 'TOTAL NUMBER OF COLUMNS': 10}
2024-12-01 10:38:04,741 - INFO - Fitting table  metadata
2024-12-01 10:38:04,744 - INFO - Fitting formatters for table 
2024-12-01 10:38:04,747 - INFO - No rounding scheme detected for column 'Usage_kWh'. Data will not be rounded.
2024-12-01 10:38:04,749 - INFO - No rounding scheme detected for column 'Lagging_Current_Reactive.Power_kVarh'. Data will not be rounded.
2024-12-01 10:38:04,751 - INFO - No rounding scheme detected for column 'Leading_Current_Reactive_Power_kVarh'. Data will not be rounded.
2024-12-01 10:38:04,753 - INFO - No rounding scheme detected for column 'CO2(tCO2)'. Data will not be rounded.
2024-12-01 10:38:04,755 - INFO - No rounding scheme detected for column 'Lagging_Current_Power_Factor'. Data will not be rounded.
2024-12-01 10:38:04,758 - INFO - No rounding scheme detected for column 'Leading_Current_Power_Factor'. Data will not be rounded.
2024-12-01 10:38:04,758 - INFO - Fitting constraints for table 
2024-12-01 10:38:04,758 - INFO - Setting the configuration for the ``HyperTransformer`` for table 
2024-12-01 10:38:05,235 - INFO - Fitting table  metadata
2024-12-01 10:38:05,239 - INFO - Fitting formatters for table 
2024-12-01 10:38:05,241 - INFO - No rounding scheme detected for column 'Usage_kWh'. Data will not be rounded.
2024-12-01 10:38:05,243 - INFO - No rounding scheme detected for column 'Lagging_Current_Reactive.Power_kVarh'. Data will not be rounded.
2024-12-01 10:38:05,245 - INFO - No rounding scheme detected for column 'Leading_Current_Reactive_Power_kVarh'. Data will not be rounded.
2024-12-01 10:38:05,248 - INFO - No rounding scheme detected for column 'CO2(tCO2)'. Data will not be rounded.
2024-12-01 10:38:05,250 - INFO - No rounding scheme detected for column 'Lagging_Current_Power_Factor'. Data will not be rounded.
2024-12-01 10:38:05,252 - INFO - No rounding scheme detected for column 'Leading_Current_Power_Factor'. Data will not be rounded.
2024-12-01 10:38:05,252 - INFO - Fitting constraints for table 
2024-12-01 10:38:05,252 - INFO - Fitting HyperTransformer for table 
2024-12-01 10:38:05,831 - INFO - {'EVENT': 'Fit processed data', 'TIMESTAMP': datetime.datetime(2024, 12, 1, 10, 38, 5, 831912), 'SYNTHESIZER CLASS NAME': 'PARSynthesizer', 'SYNTHESIZER ID': 'PARSynthesizer_1.17.2_a41920dc96eb4c86905ef460b8863e54', 'TOTAL NUMBER OF TABLES': 1, 'TOTAL NUMBER OF ROWS': 139872, 'TOTAL NUMBER OF COLUMNS': 11}
2024-12-01 10:38:05,836 - INFO - {'EVENT': 'Instance', 'TIMESTAMP': datetime.datetime(2024, 12, 1, 10, 38, 5, 836210), 'SYNTHESIZER CLASS NAME': 'GaussianCopulaSynthesizer', 'SYNTHESIZER ID': 'GaussianCopulaSynthesizer_1.17.2_0b8732647e674eafbfe1cb3a582d8e2e'}
2024-12-01 10:38:05,838 - INFO - {'EVENT': 'Fit', 'TIMESTAMP': datetime.datetime(2024, 12, 1, 10, 38, 5, 838779), 'SYNTHESIZER CLASS NAME': 'GaussianCopulaSynthesizer', 'SYNTHESIZER ID': 'GaussianCopulaSynthesizer_1.17.2_0b8732647e674eafbfe1cb3a582d8e2e', 'TOTAL NUMBER OF TABLES': 1, 'TOTAL NUMBER OF ROWS': 1457, 'TOTAL NUMBER OF COLUMNS': 2}
2024-12-01 10:38:05,840 - INFO - Fitting table  metadata
2024-12-01 10:38:05,840 - INFO - Fitting formatters for table 
2024-12-01 10:38:05,841 - INFO - Fitting constraints for table 
2024-12-01 10:38:05,841 - INFO - Setting the configuration for the ``HyperTransformer`` for table 
2024-12-01 10:38:05,842 - INFO - Fitting HyperTransformer for table 
2024-12-01 10:38:05,850 - INFO - {'EVENT': 'Fit processed data', 'TIMESTAMP': datetime.datetime(2024, 12, 1, 10, 38, 5, 850987), 'SYNTHESIZER CLASS NAME': 'GaussianCopulaSynthesizer', 'SYNTHESIZER ID': 'GaussianCopulaSynthesizer_1.17.2_0b8732647e674eafbfe1cb3a582d8e2e', 'TOTAL NUMBER OF TABLES': 1, 'TOTAL NUMBER OF ROWS': 1457, 'TOTAL NUMBER OF COLUMNS': 1}
2024-12-01 10:38:05,851 - INFO - Fitting GaussianMultivariate(distribution="{'date.context': <class 'copulas.univariate.beta.BetaUnivariate'>}")
2024-12-01 10:38:05,920 - INFO - PARModel(epochs=500, sample_size=1,cuda='cpu', verbose=True) instance created
2024-12-01 11:14:23,012 - INFO - Pipeline execution started.
2024-12-01 11:14:23,012 - INFO - Phase 1: Data Preprocessing Started.
2024-12-01 11:14:24,962 - INFO - Phase 1 Completed Successfully.
2024-12-01 11:14:24,962 - INFO - Phase 2: Synthetic Data Generation Process Started.
2024-12-01 11:14:24,962 - INFO - Phase 2.1: Metadata Definition started.
2024-12-01 11:14:25,161 - INFO - Detected metadata:
{
    "columns": {
        "date": {
            "sdtype": "datetime",
            "datetime_format": "%m/%d/%Y %H:%M"
        },
        "Usage_kWh": {
            "sdtype": "numerical"
        },
        "Lagging_Current_Reactive.Power_kVarh": {
            "sdtype": "numerical"
        },
        "Leading_Current_Reactive_Power_kVarh": {
            "sdtype": "numerical"
        },
        "CO2(tCO2)": {
            "sdtype": "numerical"
        },
        "Lagging_Current_Power_Factor": {
            "sdtype": "numerical"
        },
        "Leading_Current_Power_Factor": {
            "sdtype": "numerical"
        },
        "WeekStatus": {
            "sdtype": "categorical"
        },
        "Load_Type": {
            "sdtype": "categorical"
        },
        "SID": {
            "sdtype": "numerical"
        }
    }
}
2024-12-01 11:14:25,161 - INFO - 
Metadata Save:
  Timestamp: 2024-12-01 11:14:25.161389
  Statistics about the metadata:
    Total number of tables: 1
    Total number of columns: 10
    Total number of relationships: 0
2024-12-01 11:14:25,162 - INFO - Phase 2.1: Metadata Definition Completed Successfully.
2024-12-01 11:14:25,162 - INFO - Starting pipeline run with 500 epochs.
2024-12-01 11:14:25,163 - INFO - Phase 2.2: Synthesizer Initializing with 500 epochs Started.
2024-12-01 11:14:25,169 - INFO - {'EVENT': 'Instance', 'TIMESTAMP': datetime.datetime(2024, 12, 1, 11, 14, 25, 169184), 'SYNTHESIZER CLASS NAME': 'PARSynthesizer', 'SYNTHESIZER ID': 'PARSynthesizer_1.17.2_57c54ed12ab5430eb8841c354f13cf3b'}
2024-12-01 11:14:25,172 - INFO - {'EVENT': 'Instance', 'TIMESTAMP': datetime.datetime(2024, 12, 1, 11, 14, 25, 172378), 'SYNTHESIZER CLASS NAME': 'GaussianCopulaSynthesizer', 'SYNTHESIZER ID': 'GaussianCopulaSynthesizer_1.17.2_a74918948dfd408691531a7b3d97edfd'}
2024-12-01 11:14:25,172 - INFO - Phase 2.2: Synthesizer Initializing with 500 epochs Successfully Completed.
2024-12-01 11:14:25,172 - INFO - Phase 2.3: Synthesizer Training with 500 epochs Started.
2024-12-01 11:14:25,278 - INFO - {'EVENT': 'Fit', 'TIMESTAMP': datetime.datetime(2024, 12, 1, 11, 14, 25, 278829), 'SYNTHESIZER CLASS NAME': 'PARSynthesizer', 'SYNTHESIZER ID': 'PARSynthesizer_1.17.2_57c54ed12ab5430eb8841c354f13cf3b', 'TOTAL NUMBER OF TABLES': 1, 'TOTAL NUMBER OF ROWS': 139872, 'TOTAL NUMBER OF COLUMNS': 10}
2024-12-01 11:14:25,748 - INFO - Fitting table  metadata
2024-12-01 11:14:25,752 - INFO - Fitting formatters for table 
2024-12-01 11:14:25,755 - INFO - No rounding scheme detected for column 'Usage_kWh'. Data will not be rounded.
2024-12-01 11:14:25,757 - INFO - No rounding scheme detected for column 'Lagging_Current_Reactive.Power_kVarh'. Data will not be rounded.
2024-12-01 11:14:25,759 - INFO - No rounding scheme detected for column 'Leading_Current_Reactive_Power_kVarh'. Data will not be rounded.
2024-12-01 11:14:25,761 - INFO - No rounding scheme detected for column 'CO2(tCO2)'. Data will not be rounded.
2024-12-01 11:14:25,763 - INFO - No rounding scheme detected for column 'Lagging_Current_Power_Factor'. Data will not be rounded.
2024-12-01 11:14:25,766 - INFO - No rounding scheme detected for column 'Leading_Current_Power_Factor'. Data will not be rounded.
2024-12-01 11:14:25,766 - INFO - Fitting constraints for table 
2024-12-01 11:14:25,766 - INFO - Setting the configuration for the ``HyperTransformer`` for table 
2024-12-01 11:14:26,237 - INFO - Fitting table  metadata
2024-12-01 11:14:26,240 - INFO - Fitting formatters for table 
2024-12-01 11:14:26,242 - INFO - No rounding scheme detected for column 'Usage_kWh'. Data will not be rounded.
2024-12-01 11:14:26,244 - INFO - No rounding scheme detected for column 'Lagging_Current_Reactive.Power_kVarh'. Data will not be rounded.
2024-12-01 11:14:26,247 - INFO - No rounding scheme detected for column 'Leading_Current_Reactive_Power_kVarh'. Data will not be rounded.
2024-12-01 11:14:26,249 - INFO - No rounding scheme detected for column 'CO2(tCO2)'. Data will not be rounded.
2024-12-01 11:14:26,251 - INFO - No rounding scheme detected for column 'Lagging_Current_Power_Factor'. Data will not be rounded.
2024-12-01 11:14:26,253 - INFO - No rounding scheme detected for column 'Leading_Current_Power_Factor'. Data will not be rounded.
2024-12-01 11:14:26,253 - INFO - Fitting constraints for table 
2024-12-01 11:14:26,253 - INFO - Fitting HyperTransformer for table 
2024-12-01 11:14:26,819 - INFO - {'EVENT': 'Fit processed data', 'TIMESTAMP': datetime.datetime(2024, 12, 1, 11, 14, 26, 819569), 'SYNTHESIZER CLASS NAME': 'PARSynthesizer', 'SYNTHESIZER ID': 'PARSynthesizer_1.17.2_57c54ed12ab5430eb8841c354f13cf3b', 'TOTAL NUMBER OF TABLES': 1, 'TOTAL NUMBER OF ROWS': 139872, 'TOTAL NUMBER OF COLUMNS': 11}
2024-12-01 11:14:26,823 - INFO - {'EVENT': 'Instance', 'TIMESTAMP': datetime.datetime(2024, 12, 1, 11, 14, 26, 823857), 'SYNTHESIZER CLASS NAME': 'GaussianCopulaSynthesizer', 'SYNTHESIZER ID': 'GaussianCopulaSynthesizer_1.17.2_d5756f6213f24493834c02e445f73a7e'}
2024-12-01 11:14:26,826 - INFO - {'EVENT': 'Fit', 'TIMESTAMP': datetime.datetime(2024, 12, 1, 11, 14, 26, 826443), 'SYNTHESIZER CLASS NAME': 'GaussianCopulaSynthesizer', 'SYNTHESIZER ID': 'GaussianCopulaSynthesizer_1.17.2_d5756f6213f24493834c02e445f73a7e', 'TOTAL NUMBER OF TABLES': 1, 'TOTAL NUMBER OF ROWS': 1457, 'TOTAL NUMBER OF COLUMNS': 2}
2024-12-01 11:14:26,827 - INFO - Fitting table  metadata
2024-12-01 11:14:26,828 - INFO - Fitting formatters for table 
2024-12-01 11:14:26,828 - INFO - Fitting constraints for table 
2024-12-01 11:14:26,828 - INFO - Setting the configuration for the ``HyperTransformer`` for table 
2024-12-01 11:14:26,830 - INFO - Fitting HyperTransformer for table 
2024-12-01 11:14:26,838 - INFO - {'EVENT': 'Fit processed data', 'TIMESTAMP': datetime.datetime(2024, 12, 1, 11, 14, 26, 838714), 'SYNTHESIZER CLASS NAME': 'GaussianCopulaSynthesizer', 'SYNTHESIZER ID': 'GaussianCopulaSynthesizer_1.17.2_d5756f6213f24493834c02e445f73a7e', 'TOTAL NUMBER OF TABLES': 1, 'TOTAL NUMBER OF ROWS': 1457, 'TOTAL NUMBER OF COLUMNS': 1}
2024-12-01 11:14:26,838 - INFO - Fitting GaussianMultivariate(distribution="{'date.context': <class 'copulas.univariate.beta.BetaUnivariate'>}")
2024-12-01 11:14:26,908 - INFO - PARModel(epochs=500, sample_size=1,cuda='cpu', verbose=True) instance created
